[2026-03-24 11:23:21,579] multiqc                                            [DEBUG  ]  This is MultiQC v1.14
[2026-03-24 11:23:21,580] multiqc                                            [DEBUG  ]  Command used: /opt/conda/envs/env_NGS/bin/multiqc ./qc ./results -o ./qc -n MultiQC_Final_Report_20260324_111845.html
[2026-03-24 11:23:22,388] multiqc                                            [WARNING]  MultiQC Version v1.33 now available!
[2026-03-24 11:23:22,388] multiqc                                            [DEBUG  ]  Working dir : /workspaces/NGS_automated_pipeline
[2026-03-24 11:23:22,388] multiqc                                            [DEBUG  ]  Template    : default
[2026-03-24 11:23:22,388] multiqc                                            [DEBUG  ]  Running Python 3.7.12 | packaged by conda-forge | (default, Oct 26 2021, 06:08:21)  [GCC 9.4.0]
[2026-03-24 11:23:22,388] multiqc                                            [DEBUG  ]  Analysing modules: custom_content, ccs, ngsderive, purple, conpair, lima, peddy, somalier, methylQA, mosdepth, phantompeakqualtools, qualimap, preseq, hifiasm, quast, qorts, rna_seqc, rockhopper, rsem, rseqc, busco, bustools, goleft_indexcov, gffcompare, disambiguate, supernova, deeptools, sargasso, verifybamid, mirtrace, happy, mirtop, sambamba, gopeaks, homer, hops, macs2, theta2, snpeff, gatk, htseq, bcftools, featureCounts, fgbio, dragen, dragen_fastqc, dedup, pbmarkdup, damageprofiler, biobambam2, jcvi, mtnucratio, picard, vep, sentieon, prokka, qc3C, nanostat, samblaster, samtools, sexdeterrmine, eigenstratdatabasetools, bamtools, jellyfish, vcftools, longranger, stacks, varscan2, snippy, umitools, bbmap, bismark, biscuit, diamond, hicexplorer, hicup, hicpro, salmon, kallisto, slamdunk, star, hisat2, tophat, bowtie2, bowtie1, cellranger, snpsplit, odgi, pangolin, nextclade, humid, kat, leehom, adapterRemoval, bbduk, clipandmerge, cutadapt, flexbar, kaiju, kraken, malt, motus, trimmomatic, sickle, skewer, sortmerna, biobloomtools, fastq_screen, afterqc, fastp, fastqc, filtlong, prinseqplusplus, pychopper, porechop, pycoqc, minionqc, anglerfish, multivcfanalyzer, clusterflow, checkqc, bcl2fastq, bclconvert, interop, ivar, flash, seqyclean, optitype, whatshap
[2026-03-24 11:23:22,388] multiqc                                            [DEBUG  ]  Using temporary directory for creating report: /tmp/tmpn2a75reo
[2026-03-24 11:23:22,601] multiqc                                            [INFO   ]  Search path : /workspaces/NGS_automated_pipeline/qc
[2026-03-24 11:23:22,601] multiqc                                            [INFO   ]  Search path : /workspaces/NGS_automated_pipeline/results
[2026-03-24 11:23:22,796] multiqc                                            [DEBUG  ]  Summary of files that were skipped by the search: [skipped_file_contents_search_errors: 1712] // [skipped_no_match: 66] // [skipped_module_specific_max_filesize: 58] // [skipped_ignore_pattern: 50]
[2026-03-24 11:23:23,465] multiqc.plots.bargraph                             [DEBUG  ]  Using matplotlib version 3.5.3
[2026-03-24 11:23:23,467] multiqc.plots.linegraph                            [DEBUG  ]  Using matplotlib version 3.5.3
[2026-03-24 11:23:23,468] multiqc                                            [DEBUG  ]  No samples found: custom_content
[2026-03-24 11:23:23,476] multiqc.modules.bowtie2.bowtie2                    [INFO   ]  Found 4 reports
[2026-03-24 11:23:23,492] multiqc.modules.cutadapt.cutadapt                  [INFO   ]  Found 5 reports
[2026-03-24 11:23:23,495] multiqc                                            [INFO   ]  Compressing plot data
[2026-03-24 11:23:23,497] multiqc                                            [INFO   ]  Report      : qc/MultiQC_Final_Report_20260324_111845.html
[2026-03-24 11:23:23,497] multiqc                                            [INFO   ]  Data        : qc/MultiQC_Final_Report_20260324_111845_data
[2026-03-24 11:23:23,498] multiqc                                            [DEBUG  ]  Moving data file from '/tmp/tmpn2a75reo/multiqc_data' to './qc/MultiQC_Final_Report_20260324_111845_data'
[2026-03-24 11:23:23,627] multiqc                                            [INFO   ]  MultiQC complete
